This file contains any messages produced by compilers while
running configure, to aid debugging if configure makes a mistake.

It was created by opentsdb configure 2.3.0, which was
generated by GNU Autoconf 2.69.  Invocation command line was

  $ ../configure pom.xml build_alias=pom.xml host_alias=pom.xml target_alias=pom.xml --no-create --no-recursion

## --------- ##
## Platform. ##
## --------- ##

hostname = ubuntu20-virtual-machine
uname -m = x86_64
uname -r = 5.8.0-59-generic
uname -s = Linux
uname -v = #66~20.04.1-Ubuntu SMP Thu Jun 17 11:14:10 UTC 2021

/usr/bin/uname -p = x86_64
/bin/uname -X     = unknown

/bin/arch              = x86_64
/usr/bin/arch -k       = unknown
/usr/convex/getsysinfo = unknown
/usr/bin/hostinfo      = unknown
/bin/machine           = unknown
/usr/bin/oslevel       = unknown
/bin/universe          = unknown

PATH: /usr/lib/jvm/jdk1.8.0_192/bin
PATH: /usr/lib/jvm/jdk1.8.0_192/bin
PATH: /usr/lib/jvm/jdk1.8.0_192/bin
PATH: /usr/local/sbin
PATH: /usr/local/bin
PATH: /usr/sbin
PATH: /usr/bin
PATH: /sbin
PATH: /bin
PATH: /usr/games
PATH: /usr/local/games
PATH: /snap/bin


## ----------- ##
## Core tests. ##
## ----------- ##

configure:1781: checking for a BSD-compatible install
configure:1849: result: /usr/bin/install -c
configure:1860: checking whether build environment is sane
configure:1915: result: yes
configure:2064: checking for a thread-safe mkdir -p
configure:2103: result: /usr/bin/mkdir -p
configure:2110: checking for gawk
configure:2140: result: no
configure:2110: checking for mawk
configure:2126: found /usr/bin/mawk
configure:2137: result: mawk
configure:2148: checking whether make sets $(MAKE)
configure:2170: result: yes
configure:2199: checking whether make supports nested variables
configure:2216: result: yes
configure:2414: checking for md5sum
configure:2432: found /usr/bin/md5sum
configure:2444: result: /usr/bin/md5sum
configure:2466: checking for java
configure:2484: found /usr/lib/jvm/jdk1.8.0_192/bin/java
configure:2496: result: /usr/lib/jvm/jdk1.8.0_192/bin/java
configure:2515: checking for javac
configure:2533: found /usr/lib/jvm/jdk1.8.0_192/bin/javac
configure:2545: result: /usr/lib/jvm/jdk1.8.0_192/bin/javac
configure:2564: checking for jar
configure:2582: found /usr/lib/jvm/jdk1.8.0_192/bin/jar
configure:2594: result: /usr/lib/jvm/jdk1.8.0_192/bin/jar
configure:2615: checking for true
configure:2633: found /usr/bin/true
configure:2645: result: /usr/bin/true
configure:2662: checking for javadoc
configure:2680: found /usr/lib/jvm/jdk1.8.0_192/bin/javadoc
configure:2692: result: /usr/lib/jvm/jdk1.8.0_192/bin/javadoc
configure:2707: checking for wget
configure:2725: found /usr/bin/wget
configure:2737: result: /usr/bin/wget
configure:2747: checking for curl
configure:2780: result: no
configure:2930: checking that generated files are newer than configure
configure:2936: result: done
configure:2960: creating ./config.status

## ---------------- ##
## Cache variables. ##
## ---------------- ##

ac_cv_env_build_alias_set=set
ac_cv_env_build_alias_value=pom.xml
ac_cv_env_host_alias_set=set
ac_cv_env_host_alias_value=pom.xml
ac_cv_env_target_alias_set=set
ac_cv_env_target_alias_value=pom.xml
ac_cv_path_GNUPLOT=/usr/bin/true
ac_cv_path_JAR=/usr/lib/jvm/jdk1.8.0_192/bin/jar
ac_cv_path_JAVA=/usr/lib/jvm/jdk1.8.0_192/bin/java
ac_cv_path_JAVAC=/usr/lib/jvm/jdk1.8.0_192/bin/javac
ac_cv_path_JAVADOC=/usr/lib/jvm/jdk1.8.0_192/bin/javadoc
ac_cv_path_MD5=/usr/bin/md5sum
ac_cv_path_WGET=/usr/bin/wget
ac_cv_path_install='/usr/bin/install -c'
ac_cv_path_mkdir=/usr/bin/mkdir
ac_cv_prog_AWK=mawk
ac_cv_prog_make_make_set=yes
am_cv_make_support_nested_variables=yes

## ----------------- ##
## Output variables. ##
## ----------------- ##

ACLOCAL='${SHELL} /home/ubuntu20/Documents/opentsdb/build-aux/missing aclocal-1.16'
AMTAR='$${TAR-tar}'
AM_BACKSLASH='\'
AM_DEFAULT_V='$(AM_DEFAULT_VERBOSITY)'
AM_DEFAULT_VERBOSITY='1'
AM_V='$(V)'
AUTOCONF='${SHELL} /home/ubuntu20/Documents/opentsdb/build-aux/missing autoconf'
AUTOHEADER='${SHELL} /home/ubuntu20/Documents/opentsdb/build-aux/missing autoheader'
AUTOMAKE='${SHELL} /home/ubuntu20/Documents/opentsdb/build-aux/missing automake-1.16'
AWK='mawk'
BIGTABLE_FALSE=''
BIGTABLE_TRUE='#'
CASSANDRA_FALSE=''
CASSANDRA_TRUE='#'
CURL=''
CYGPATH_W='echo'
DEFS='-DPACKAGE_NAME=\"opentsdb\" -DPACKAGE_TARNAME=\"opentsdb\" -DPACKAGE_VERSION=\"2.3.0\" -DPACKAGE_STRING=\"opentsdb\ 2.3.0\" -DPACKAGE_BUGREPORT=\"opentsdb@googlegroups.com\" -DPACKAGE_URL=\"\" -DPACKAGE=\"opentsdb\" -DVERSION=\"2.3.0\"'
ECHO_C=''
ECHO_N='-n'
ECHO_T=''
GNUPLOT='/usr/bin/true'
INSTALL_DATA='${INSTALL} -m 644'
INSTALL_PROGRAM='${INSTALL}'
INSTALL_SCRIPT='${INSTALL}'
INSTALL_STRIP_PROGRAM='$(install_sh) -c -s'
JAR='/usr/lib/jvm/jdk1.8.0_192/bin/jar'
JAVA='/usr/lib/jvm/jdk1.8.0_192/bin/java'
JAVAC='/usr/lib/jvm/jdk1.8.0_192/bin/javac'
JAVADOC='/usr/lib/jvm/jdk1.8.0_192/bin/javadoc'
LIBOBJS=''
LIBS=''
LTLIBOBJS=''
MAKEINFO='${SHELL} /home/ubuntu20/Documents/opentsdb/build-aux/missing makeinfo'
MD5='/usr/bin/md5sum'
MKDIR_P='/usr/bin/mkdir -p'
PACKAGE='opentsdb'
PACKAGE_BUGREPORT='opentsdb@googlegroups.com'
PACKAGE_NAME='opentsdb'
PACKAGE_STRING='opentsdb 2.3.0'
PACKAGE_TARNAME='opentsdb'
PACKAGE_URL=''
PACKAGE_VERSION='2.3.0'
PATH_SEPARATOR=':'
SET_MAKE=''
SHELL='/bin/bash'
STRIP=''
VERSION='2.3.0'
WGET='/usr/bin/wget'
am__isrc=' -I$(srcdir)'
am__leading_dot='.'
am__tar='$${TAR-tar} chof - "$$tardir"'
am__untar='$${TAR-tar} xf -'
bindir='${exec_prefix}/bin'
build_alias='pom.xml'
datadir='${datarootdir}'
datarootdir='${prefix}/share'
docdir='${datarootdir}/doc/${PACKAGE_TARNAME}'
dvidir='${docdir}'
exec_prefix='${prefix}'
host_alias='pom.xml'
htmldir='${docdir}'
includedir='${prefix}/include'
infodir='${datarootdir}/info'
install_sh='${SHELL} /home/ubuntu20/Documents/opentsdb/build-aux/install-sh'
libdir='${exec_prefix}/lib'
libexecdir='${exec_prefix}/libexec'
localedir='${datarootdir}/locale'
localstatedir='${prefix}/var'
mandir='${datarootdir}/man'
mkdir_p='$(MKDIR_P)'
oldincludedir='/usr/include'
pdfdir='${docdir}'
prefix='/usr/local'
program_transform_name='s,x,x,'
psdir='${docdir}'
runstatedir='${localstatedir}/run'
sbindir='${exec_prefix}/sbin'
sharedstatedir='${prefix}/com'
staticdir='${pkgdatadir}/static'
sysconfdir='${prefix}/etc'
target_alias='pom.xml'

## ----------- ##
## confdefs.h. ##
## ----------- ##

/* confdefs.h */
#define PACKAGE_NAME "opentsdb"
#define PACKAGE_TARNAME "opentsdb"
#define PACKAGE_VERSION "2.3.0"
#define PACKAGE_STRING "opentsdb 2.3.0"
#define PACKAGE_BUGREPORT "opentsdb@googlegroups.com"
#define PACKAGE_URL ""
#define PACKAGE "opentsdb"
#define VERSION "2.3.0"

configure: exit 0

## ---------------------- ##
## Running config.status. ##
## ---------------------- ##

This file was extended by opentsdb config.status 2.3.0, which was
generated by GNU Autoconf 2.69.  Invocation command line was

  CONFIG_FILES    = 
  CONFIG_HEADERS  = 
  CONFIG_LINKS    = 
  CONFIG_COMMANDS = 
  $ ./config.status 

on ubuntu20-virtual-machine

config.status:754: creating Makefile
config.status:754: creating opentsdb.spec
config.status:754: creating build-aux/fetchdep.sh
